<?xml version="1.0" encoding="UTF-8"?>
<!-- Generated by org.testng.reporters.JUnitReportReporter -->
<testsuite hostname="SHUBHAMK-PER" failures="0" tests="2" name="javapackage.TestNG2" time="0.010" errors="0" timestamp="2023-09-19T10:11:10 IST" skipped="0">
  <testcase classname="javapackage.TestNG2" name="h" time="0.007"/>
  <testcase classname="javapackage.TestNG2" name="z" time="0.003"/>
</testsuite> <!-- javapackage.TestNG2 -->
