<?xml version="1.0" encoding="UTF-8"?>
<!-- Generated by org.testng.reporters.JUnitReportReporter -->
<testsuite hostname="SHUBHAMK-PER" failures="0" tests="3" name="javapackage.TestNG1" time="0.007" errors="0" timestamp="2023-09-19T10:11:09 IST" skipped="0">
  <testcase classname="javapackage.TestNG1" name="z" time="0.001"/>
  <testcase classname="javapackage.TestNG1" name="a" time="0.004"/>
  <testcase classname="javapackage.TestNG1" name="b" time="0.002"/>
</testsuite> <!-- javapackage.TestNG1 -->
